SF:lib/core/errors/application_error.dart
DA:2,2
DA:14,0
DA:16,0
DA:21,1
LF:4
LH:2
end_of_record
SF:lib/core/services/geolocator/geolocator_service_error.dart
DA:4,1
DA:12,1
LF:2
LH:2
end_of_record
SF:lib/core/services/geolocator/lat_lng_dto.dart
DA:2,3
LF:1
LH:1
end_of_record
SF:lib/core/utils/either.dart
DA:2,2
DA:7,2
DA:10,2
DA:13,2
DA:16,2
DA:22,4
DA:23,4
DA:25,2
DA:29,2
DA:30,4
DA:32,4
DA:36,0
DA:37,0
DA:40,0
DA:41,0
DA:48,3
DA:51,2
LF:17
LH:13
end_of_record
SF:lib/modules/location/infra/repositories/location_repository.dart
DA:10,1
DA:18,1
DA:21,2
DA:22,1
DA:23,1
DA:25,2
DA:26,1
DA:27,1
DA:28,1
DA:30,1
DA:31,1
DA:33,1
DA:37,1
DA:38,1
DA:40,1
DA:41,1
DA:43,1
LF:17
LH:17
end_of_record
SF:lib/modules/location/domain/usecases/get_location_usecase.dart
DA:6,1
DA:12,1
DA:14,2
LF:3
LH:3
end_of_record
SF:lib/core/services/rest/rest_client_interface.dart
DA:25,0
DA:35,0
DA:36,0
DA:41,1
DA:55,0
DA:62,0
DA:63,0
DA:64,0
DA:65,0
DA:66,0
DA:67,0
DA:71,0
DA:73,0
DA:78,0
DA:86,0
DA:90,2
DA:98,2
DA:102,0
DA:111,0
DA:116,0
DA:119,0
DA:120,0
DA:121,0
DA:132,0
DA:133,0
DA:134,0
DA:138,0
DA:141,0
DA:142,0
DA:143,0
DA:145,0
DA:146,0
DA:147,0
DA:151,0
DA:159,0
DA:160,0
DA:161,0
DA:162,0
DA:163,0
DA:164,0
DA:165,0
DA:169,0
DA:171,0
DA:176,0
DA:178,0
DA:179,0
DA:180,0
DA:181,0
DA:183,0
DA:184,0
DA:185,0
DA:188,0
DA:190,0
DA:191,0
DA:197,0
DA:198,0
DA:199,0
DA:202,0
DA:204,0
DA:205,0
DA:211,0
DA:212,0
DA:213,0
DA:216,0
DA:218,0
DA:219,0
DA:225,0
DA:226,0
DA:232,0
DA:233,0
DA:234,0
DA:235,0
DA:244,0
DA:262,0
DA:275,0
DA:277,0
DA:281,0
DA:284,0
DA:285,0
DA:288,0
DA:292,0
DA:293,0
DA:298,0
DA:301,0
DA:305,0
DA:306,0
DA:310,0
DA:312,0
DA:317,0
DA:320,0
DA:321,0
DA:324,0
DA:328,0
DA:329,0
DA:334,0
DA:337,0
DA:341,0
DA:342,0
DA:346,0
DA:348,0
DA:353,0
DA:356,0
DA:357,0
DA:360,0
DA:364,0
DA:365,0
DA:370,0
DA:373,0
DA:377,0
DA:378,0
DA:382,0
DA:384,0
DA:389,0
DA:393,0
DA:396,0
DA:400,0
DA:403,0
DA:407,0
DA:412,0
DA:415,0
DA:416,0
DA:417,0
DA:426,0
DA:430,0
DA:431,0
DA:434,0
DA:435,0
DA:440,0
DA:445,0
DA:447,0
DA:448,0
DA:449,0
DA:450,0
DA:452,0
DA:457,0
DA:460,0
DA:463,0
DA:464,0
DA:469,0
DA:474,0
DA:476,0
DA:477,0
DA:478,0
DA:479,0
DA:481,0
DA:486,0
DA:489,0
DA:492,0
DA:493,0
DA:498,0
DA:503,0
DA:505,0
DA:506,0
DA:507,0
DA:508,0
DA:510,0
DA:517,0
LF:157
LH:3
end_of_record
SF:lib/modules/location/external/datasources/get_location_datasource.dart
DA:8,1
DA:16,1
DA:18,2
DA:20,2
DA:21,1
DA:23,1
DA:27,2
DA:28,1
LF:8
LH:8
end_of_record
SF:lib/modules/location/external/mappers/location_mapper.dart
DA:5,1
DA:9,1
DA:10,1
DA:11,1
DA:15,0
DA:19,0
DA:20,0
DA:21,0
LF:8
LH:4
end_of_record
